TN:
SF:src/alimento.ts
FN:18,(anonymous_0)
FN:27,(anonymous_1)
FN:34,(anonymous_2)
FN:41,(anonymous_3)
FN:48,(anonymous_4)
FN:55,(anonymous_5)
FN:59,(anonymous_6)
FNF:7
FNH:7
FNDA:59,(anonymous_0)
FNDA:1,(anonymous_1)
FNDA:1,(anonymous_2)
FNDA:253,(anonymous_3)
FNDA:64,(anonymous_4)
FNDA:64,(anonymous_5)
FNDA:1,(anonymous_6)
DA:9,1
DA:18,59
DA:19,59
DA:20,59
DA:28,1
DA:35,1
DA:42,253
DA:49,64
DA:56,64
DA:60,1
LF:10
LH:10
BRF:0
BRH:0
end_of_record
TN:
SF:src/carta.ts
FN:12,(anonymous_0)
FN:18,(anonymous_1)
FN:26,(anonymous_2)
FN:34,(anonymous_3)
FN:35,(anonymous_4)
FN:38,(anonymous_5)
FNF:6
FNH:3
FNDA:2,(anonymous_0)
FNDA:1,(anonymous_1)
FNDA:1,(anonymous_2)
FNDA:0,(anonymous_3)
FNDA:0,(anonymous_4)
FNDA:0,(anonymous_5)
DA:6,1
DA:12,2
DA:19,1
DA:27,1
DA:35,0
DA:36,0
DA:38,0
DA:39,0
LF:8
LH:4
BRF:0
BRH:0
end_of_record
TN:
SF:src/menu.ts
FN:14,(anonymous_0)
FN:20,(anonymous_1)
FN:28,(anonymous_2)
FN:57,(anonymous_3)
FN:77,(anonymous_4)
FN:89,(anonymous_5)
FN:100,(anonymous_6)
FNF:7
FNH:6
FNDA:7,(anonymous_0)
FNDA:1,(anonymous_1)
FNDA:4,(anonymous_2)
FNDA:1,(anonymous_3)
FNDA:1,(anonymous_4)
FNDA:1,(anonymous_5)
FNDA:0,(anonymous_6)
DA:10,1
DA:14,7
DA:21,1
DA:22,1
DA:23,1
DA:24,1
DA:25,1
DA:28,1
DA:29,4
DA:30,1
DA:31,1
DA:33,4
DA:34,1
DA:35,1
DA:37,4
DA:38,1
DA:39,1
DA:41,4
DA:42,1
DA:43,1
DA:46,1
DA:47,0
DA:49,1
DA:58,1
DA:59,1
DA:60,1
DA:61,1
DA:62,1
DA:63,1
DA:64,3
DA:65,3
DA:66,3
DA:67,3
DA:69,1
DA:70,1
DA:78,1
DA:79,1
DA:80,4
DA:82,1
DA:90,1
DA:91,1
DA:92,3
DA:94,1
DA:101,0
DA:102,0
DA:103,0
DA:105,0
LF:47
LH:42
BRDA:29,0,0,1
BRDA:29,0,1,3
BRDA:29,1,0,4
BRDA:29,1,1,1
BRDA:33,2,0,1
BRDA:33,2,1,3
BRDA:33,3,0,4
BRDA:33,3,1,1
BRDA:37,4,0,1
BRDA:37,4,1,3
BRDA:37,5,0,4
BRDA:37,5,1,1
BRDA:41,6,0,1
BRDA:41,6,1,3
BRDA:41,7,0,4
BRDA:41,7,1,1
BRDA:46,8,0,0
BRDA:46,8,1,1
BRF:18
BRH:17
end_of_record
TN:
SF:src/plato.ts
FN:17,(anonymous_0)
FN:32,(anonymous_1)
FN:50,(anonymous_2)
FN:93,(anonymous_3)
FN:104,(anonymous_4)
FN:111,(anonymous_5)
FN:119,(anonymous_6)
FN:127,(anonymous_7)
FN:135,(anonymous_8)
FN:143,(anonymous_9)
FN:150,(anonymous_10)
FNF:11
FNH:9
FNDA:22,(anonymous_0)
FNDA:22,(anonymous_1)
FNDA:22,(anonymous_2)
FNDA:22,(anonymous_3)
FNDA:16,(anonymous_4)
FNDA:0,(anonymous_5)
FNDA:4,(anonymous_6)
FNDA:13,(anonymous_7)
FNDA:0,(anonymous_8)
FNDA:9,(anonymous_9)
FNDA:1,(anonymous_10)
DA:7,1
DA:17,22
DA:18,22
DA:19,22
DA:20,22
DA:21,22
DA:22,22
DA:24,22
DA:25,22
DA:33,22
DA:34,22
DA:35,22
DA:36,22
DA:37,22
DA:38,63
DA:39,63
DA:40,63
DA:41,63
DA:43,22
DA:51,22
DA:52,22
DA:53,22
DA:54,22
DA:55,22
DA:56,22
DA:57,63
DA:59,11
DA:60,11
DA:62,23
DA:63,23
DA:65,12
DA:66,12
DA:68,5
DA:69,5
DA:71,12
DA:72,12
DA:74,0
DA:77,22
DA:78,8
DA:79,14
DA:80,6
DA:81,8
DA:82,5
DA:83,3
DA:84,1
DA:85,2
DA:86,2
DA:94,22
DA:95,22
DA:96,63
DA:98,22
DA:105,16
DA:112,0
DA:120,4
DA:128,13
DA:136,0
DA:144,9
DA:151,1
LF:58
LH:55
BRDA:21,0,0,22
BRDA:21,0,1,0
BRDA:58,1,0,11
BRDA:58,1,1,23
BRDA:58,1,2,12
BRDA:58,1,3,5
BRDA:58,1,4,12
BRDA:58,1,5,0
BRDA:77,2,0,8
BRDA:77,2,1,14
BRDA:79,3,0,6
BRDA:79,3,1,8
BRDA:81,4,0,5
BRDA:81,4,1,3
BRDA:83,5,0,1
BRDA:83,5,1,2
BRDA:85,6,0,2
BRDA:85,6,1,0
BRF:18
BRH:15
end_of_record
TN:
SF:src/database/aliments.ts
FNF:0
FNH:0
DA:3,1
DA:5,1
DA:8,1
DA:11,1
DA:14,1
DA:17,1
DA:20,1
DA:23,1
DA:26,1
DA:29,1
DA:32,1
DA:35,1
DA:38,1
DA:41,1
DA:45,1
DA:48,1
DA:51,1
DA:54,1
DA:57,1
DA:60,1
DA:63,1
DA:66,1
DA:69,1
DA:72,1
DA:75,1
DA:78,1
DA:81,1
DA:84,1
DA:88,1
DA:91,1
DA:94,1
DA:97,1
DA:100,1
DA:103,1
DA:106,1
DA:109,1
DA:112,1
DA:115,1
DA:118,1
DA:122,1
DA:125,1
DA:128,1
DA:131,1
DA:134,1
DA:137,1
DA:140,1
DA:143,1
DA:146,1
DA:149,1
DA:152,1
DA:155,1
DA:159,1
DA:162,1
DA:165,1
DA:168,1
LF:55
LH:55
BRF:0
BRH:0
end_of_record
TN:
SF:src/database/dishes.ts
FNF:0
FNH:0
DA:2,1
DA:3,1
DA:6,1
DA:9,1
DA:12,1
DA:15,1
DA:18,1
DA:23,1
DA:26,1
DA:29,1
DA:32,1
DA:35,1
DA:40,1
DA:43,1
DA:46,1
DA:49,1
DA:52,1
DA:58,1
DA:62,1
DA:65,1
DA:69,1
DA:72,1
LF:22
LH:22
BRF:0
BRH:0
end_of_record
TN:
SF:src/database/menus.ts
FNF:0
FNH:0
DA:1,1
DA:2,1
DA:5,1
DA:7,1
DA:9,1
DA:11,1
DA:13,1
DA:15,1
DA:17,1
DA:19,1
DA:21,1
DA:23,1
LF:12
LH:12
BRF:0
BRH:0
end_of_record
