TN:
SF:src/alimento.ts
FN:18,(anonymous_0)
FN:27,(anonymous_1)
FN:34,(anonymous_2)
FN:41,(anonymous_3)
FN:48,(anonymous_4)
FN:55,(anonymous_5)
FNF:6
FNH:6
FNDA:11,(anonymous_0)
FNDA:1,(anonymous_1)
FNDA:1,(anonymous_2)
FNDA:49,(anonymous_3)
FNDA:13,(anonymous_4)
FNDA:13,(anonymous_5)
DA:9,1
DA:18,11
DA:19,11
DA:20,11
DA:28,1
DA:35,1
DA:42,49
DA:49,13
DA:56,13
LF:9
LH:9
BRF:0
BRH:0
end_of_record
TN:
SF:src/carta.ts
FN:7,(anonymous_0)
FN:13,(anonymous_1)
FN:21,(anonymous_2)
FN:25,(anonymous_3)
FN:26,(anonymous_4)
FN:29,(anonymous_5)
FNF:6
FNH:3
FNDA:2,(anonymous_0)
FNDA:1,(anonymous_1)
FNDA:1,(anonymous_2)
FNDA:0,(anonymous_3)
FNDA:0,(anonymous_4)
FNDA:0,(anonymous_5)
DA:6,1
DA:7,2
DA:14,1
DA:22,1
DA:26,0
DA:27,0
DA:29,0
DA:30,0
LF:8
LH:4
BRF:0
BRH:0
end_of_record
TN:
SF:src/menu.ts
FN:14,(anonymous_0)
FN:20,(anonymous_1)
FN:28,(anonymous_2)
FN:58,(anonymous_3)
FN:78,(anonymous_4)
FN:90,(anonymous_5)
FN:101,(anonymous_6)
FNF:7
FNH:7
FNDA:3,(anonymous_0)
FNDA:1,(anonymous_1)
FNDA:3,(anonymous_2)
FNDA:1,(anonymous_3)
FNDA:1,(anonymous_4)
FNDA:1,(anonymous_5)
FNDA:1,(anonymous_6)
DA:10,1
DA:14,3
DA:21,1
DA:22,1
DA:23,1
DA:24,1
DA:25,1
DA:28,1
DA:29,3
DA:30,0
DA:31,0
DA:33,3
DA:34,1
DA:35,1
DA:37,3
DA:38,0
DA:39,0
DA:41,3
DA:42,0
DA:43,0
DA:46,1
DA:47,1
DA:48,1
DA:50,0
DA:59,1
DA:60,1
DA:61,1
DA:62,1
DA:63,1
DA:64,1
DA:65,3
DA:66,3
DA:67,3
DA:68,3
DA:70,1
DA:71,1
DA:79,1
DA:80,1
DA:81,3
DA:83,1
DA:91,1
DA:92,1
DA:93,3
DA:95,1
DA:102,1
DA:103,3
DA:105,3
LF:47
LH:40
BRDA:29,0,0,0
BRDA:29,0,1,3
BRDA:29,1,0,3
BRDA:29,1,1,0
BRDA:33,2,0,1
BRDA:33,2,1,2
BRDA:33,3,0,3
BRDA:33,3,1,3
BRDA:37,4,0,0
BRDA:37,4,1,3
BRDA:37,5,0,3
BRDA:37,5,1,0
BRDA:41,6,0,0
BRDA:41,6,1,3
BRDA:41,7,0,3
BRDA:41,7,1,0
BRDA:46,8,0,1
BRDA:46,8,1,0
BRF:18
BRH:11
end_of_record
TN:
SF:src/plato.ts
FN:17,(anonymous_0)
FN:32,(anonymous_1)
FN:50,(anonymous_2)
FN:93,(anonymous_3)
FN:104,(anonymous_4)
FN:111,(anonymous_5)
FN:119,(anonymous_6)
FN:127,(anonymous_7)
FN:131,(anonymous_8)
FN:139,(anonymous_9)
FN:146,(anonymous_10)
FNF:11
FNH:11
FNDA:4,(anonymous_0)
FNDA:4,(anonymous_1)
FNDA:4,(anonymous_2)
FNDA:4,(anonymous_3)
FNDA:15,(anonymous_4)
FNDA:3,(anonymous_5)
FNDA:4,(anonymous_6)
FNDA:13,(anonymous_7)
FNDA:3,(anonymous_8)
FNDA:4,(anonymous_9)
FNDA:1,(anonymous_10)
DA:7,1
DA:17,4
DA:18,4
DA:19,4
DA:20,4
DA:21,4
DA:22,4
DA:24,4
DA:25,4
DA:33,4
DA:34,4
DA:35,4
DA:36,4
DA:37,4
DA:38,12
DA:39,12
DA:40,12
DA:41,12
DA:43,4
DA:51,4
DA:52,4
DA:53,4
DA:54,4
DA:55,4
DA:56,4
DA:57,12
DA:59,0
DA:60,0
DA:62,12
DA:63,12
DA:65,0
DA:66,0
DA:68,0
DA:69,0
DA:71,0
DA:72,0
DA:74,0
DA:77,4
DA:78,0
DA:79,4
DA:80,4
DA:81,0
DA:82,0
DA:83,0
DA:84,0
DA:85,0
DA:86,0
DA:94,4
DA:95,4
DA:96,12
DA:98,4
DA:105,15
DA:112,3
DA:120,4
DA:128,13
DA:132,3
DA:140,4
DA:147,1
LF:58
LH:42
BRDA:21,0,0,4
BRDA:21,0,1,0
BRDA:58,1,0,0
BRDA:58,1,1,12
BRDA:58,1,2,0
BRDA:58,1,3,0
BRDA:58,1,4,0
BRDA:58,1,5,0
BRDA:77,2,0,0
BRDA:77,2,1,4
BRDA:79,3,0,4
BRDA:79,3,1,0
BRDA:81,4,0,0
BRDA:81,4,1,0
BRDA:83,5,0,0
BRDA:83,5,1,0
BRDA:85,6,0,0
BRDA:85,6,1,0
BRF:18
BRH:4
end_of_record
